<?xml version="1.0" encoding="UTF-8"?>
<testsuite xmlns:xsi="http://www.w3.org/2001/XMLSchema-instance" xsi:noNamespaceSchemaLocation="https://maven.apache.org/surefire/maven-surefire-plugin/xsd/surefire-test-report.xsd" name="exam.sds.AppTest" time="0.031" tests="2" errors="0" skipped="0" failures="1">
  <properties>
[...]
</properties>
  <testcase name="shouldAnswerWithTrue" classname="exam.sds.AppTest" time="0"/>
  <testcase name="testMain" classname="exam.sds.AppTest" time="0.016">
    <failure message="expected:&lt;Ha hic SDS 2022 kake[&#10;]&gt; but was:&lt;Ha hic SDS 2022 kake[]&gt;" type="org.junit.ComparisonFailure"><![CDATA[org.junit.ComparisonFailure: 
expected:<Ha hic SDS 2022 kake[
]> but was:<Ha hic SDS 2022 kake[]>
	at exam.sds.AppTest.testMain(AppTest.java:31)
]]></failure>
  </testcase>
</testsuite>